生成启动时间为 2016/11/21 星期一 14:32:21。
     1>项目“E:\TestProjects\function\Task\Task\Task.vcxproj”在节点 2 上(Build 个目标)。
     1>ClCompile:
         C:\Program Files (x86)\Microsoft Visual Studio 12.0\VC\bin\CL.exe /c /ZI /nologo /W3 /WX- /sdl /Od /Oy- /D WIN32 /D _DEBUG /D _CONSOLE /D _LIB /D _UNICODE /D UNICODE /Gm /EHsc /RTC1 /MDd /GS /fp:precise /Zc:wchar_t /Zc:forScope /Yu"stdafx.h" /Fp"Debug\Task.pch" /Fo"Debug\\" /Fd"Debug\vc120.pdb" /Gd /TP /analyze- /errorReport:prompt CTaskData.cpp ReachCountTaskData.cpp TService.cpp Task.cpp main.cpp
         ReachCountTaskData.cpp
         CTaskData.cpp
         正在生成代码...
         正在编译...
         main.cpp
         Task.cpp
         TService.cpp
         正在生成代码...
       Link:
         C:\Program Files (x86)\Microsoft Visual Studio 12.0\VC\bin\link.exe /ERRORREPORT:PROMPT /OUT:"E:\TestProjects\function\Task\Debug\Task.exe" /INCREMENTAL /NOLOGO kernel32.lib user32.lib gdi32.lib winspool.lib comdlg32.lib advapi32.lib shell32.lib ole32.lib oleaut32.lib uuid.lib odbc32.lib odbccp32.lib /MANIFEST /MANIFESTUAC:"level='asInvoker' uiAccess='false'" /manifest:embed /DEBUG /PDB:"E:\TestProjects\function\Task\Debug\Task.pdb" /SUBSYSTEM:CONSOLE /TLBID:1 /DYNAMICBASE /NXCOMPAT /IMPLIB:"E:\TestProjects\function\Task\Debug\Task.lib" /MACHINE:X86 Debug\CTaskData.obj
         Debug\main.obj
         Debug\ReachCountTaskConfiger.obj
         Debug\ReachCountTaskData.obj
         Debug\stdafx.obj
         Debug\Task.obj
         Debug\TService.obj
         Task.vcxproj -> E:\TestProjects\function\Task\Debug\Task.exe
     1>已完成生成项目“E:\TestProjects\function\Task\Task\Task.vcxproj”(Build 个目标)的操作。

生成成功。

已用时间 00:00:03.62
